<?xml version="1.0" encoding="UTF-8"?>
<!-- Generated by org.testng.reporters.JUnitReportReporter -->
<testsuite hostname="Vasant" failures="0" tests="1" name="com.iso.tests.LoginTest" time="15.526" errors="0" timestamp="2023-12-25T11:26:04 IST" skipped="0">
  <testcase classname="com.iso.tests.LoginTest" name="loginTest" time="15.526"/>
  <system-out/>
</testsuite> <!-- com.iso.tests.LoginTest -->
