<?xml version="1.0" encoding="UTF-8"?>
<!-- Generated by org.testng.reporters.JUnitReportReporter -->
<testsuite hostname="Vasant" failures="0" tests="1" name="com.iso.tests.LoginTest" time="21.607" errors="0" timestamp="2023-12-25T10:43:10 IST" skipped="0">
  <testcase classname="com.iso.tests.LoginTest" name="loginTest" time="21.607"/>
  <system-out/>
</testsuite> <!-- com.iso.tests.LoginTest -->
