<?xml version="1.0" encoding="UTF-8"?>
<!-- Generated by org.testng.reporters.JUnitReportReporter -->
<testsuite hostname="Vasant" failures="0" tests="1" name="com.iso.tests.LoginTest" time="26.579" errors="0" timestamp="2023-12-23T00:44:16 IST" skipped="0">
  <testcase classname="com.iso.tests.LoginTest" name="loginTest" time="26.579"/>
  <system-out/>
</testsuite> <!-- com.iso.tests.LoginTest -->
